Determining if the Q_WS_WIN exist failed with the following output:
Change Dir: /home/zacky/Projects/SEPM/Einzel/task2/build/CMakeFiles/CMakeTmp

Run Build Command:/usr/bin/make "cmTryCompileExec1706271205/fast"
/usr/bin/make -f CMakeFiles/cmTryCompileExec1706271205.dir/build.make CMakeFiles/cmTryCompileExec1706271205.dir/build
make[1]: Entering directory `/home/zacky/Projects/SEPM/Einzel/task2/build/CMakeFiles/CMakeTmp'
/usr/local/bin/cmake -E cmake_progress_report /home/zacky/Projects/SEPM/Einzel/task2/build/CMakeFiles/CMakeTmp/CMakeFiles 1
Building CXX object CMakeFiles/cmTryCompileExec1706271205.dir/CheckSymbolExists.cxx.o
/usr/bin/c++    -I/usr/include/qt4    -o CMakeFiles/cmTryCompileExec1706271205.dir/CheckSymbolExists.cxx.o -c /home/zacky/Projects/SEPM/Einzel/task2/build/CMakeFiles/CMakeTmp/CheckSymbolExists.cxx
/home/zacky/Projects/SEPM/Einzel/task2/build/CMakeFiles/CMakeTmp/CheckSymbolExists.cxx: In function ‘int main(int, char**)’:
/home/zacky/Projects/SEPM/Einzel/task2/build/CMakeFiles/CMakeTmp/CheckSymbolExists.cxx:8:19: error: ‘Q_WS_WIN’ was not declared in this scope
make[1]: *** [CMakeFiles/cmTryCompileExec1706271205.dir/CheckSymbolExists.cxx.o] Error 1
make[1]: Leaving directory `/home/zacky/Projects/SEPM/Einzel/task2/build/CMakeFiles/CMakeTmp'
make: *** [cmTryCompileExec1706271205/fast] Error 2

File /home/zacky/Projects/SEPM/Einzel/task2/build/CMakeFiles/CMakeTmp/CheckSymbolExists.cxx:
/* */
#include <QtCore/qglobal.h>

int main(int argc, char** argv)
{
  (void)argv;
#ifndef Q_WS_WIN
  return ((int*)(&Q_WS_WIN))[argc];
#else
  (void)argc;
  return 0;
#endif
}

Determining if the Q_WS_QWS exist failed with the following output:
Change Dir: /home/zacky/Projects/SEPM/Einzel/task2/build/CMakeFiles/CMakeTmp

Run Build Command:/usr/bin/make "cmTryCompileExec3519040317/fast"
/usr/bin/make -f CMakeFiles/cmTryCompileExec3519040317.dir/build.make CMakeFiles/cmTryCompileExec3519040317.dir/build
make[1]: Entering directory `/home/zacky/Projects/SEPM/Einzel/task2/build/CMakeFiles/CMakeTmp'
/usr/local/bin/cmake -E cmake_progress_report /home/zacky/Projects/SEPM/Einzel/task2/build/CMakeFiles/CMakeTmp/CMakeFiles 1
Building CXX object CMakeFiles/cmTryCompileExec3519040317.dir/CheckSymbolExists.cxx.o
/usr/bin/c++    -I/usr/include/qt4    -o CMakeFiles/cmTryCompileExec3519040317.dir/CheckSymbolExists.cxx.o -c /home/zacky/Projects/SEPM/Einzel/task2/build/CMakeFiles/CMakeTmp/CheckSymbolExists.cxx
/home/zacky/Projects/SEPM/Einzel/task2/build/CMakeFiles/CMakeTmp/CheckSymbolExists.cxx: In function ‘int main(int, char**)’:
/home/zacky/Projects/SEPM/Einzel/task2/build/CMakeFiles/CMakeTmp/CheckSymbolExists.cxx:8:19: error: ‘Q_WS_QWS’ was not declared in this scope
make[1]: *** [CMakeFiles/cmTryCompileExec3519040317.dir/CheckSymbolExists.cxx.o] Error 1
make[1]: Leaving directory `/home/zacky/Projects/SEPM/Einzel/task2/build/CMakeFiles/CMakeTmp'
make: *** [cmTryCompileExec3519040317/fast] Error 2

File /home/zacky/Projects/SEPM/Einzel/task2/build/CMakeFiles/CMakeTmp/CheckSymbolExists.cxx:
/* */
#include <QtCore/qglobal.h>

int main(int argc, char** argv)
{
  (void)argv;
#ifndef Q_WS_QWS
  return ((int*)(&Q_WS_QWS))[argc];
#else
  (void)argc;
  return 0;
#endif
}

Determining if the Q_WS_MAC exist failed with the following output:
Change Dir: /home/zacky/Projects/SEPM/Einzel/task2/build/CMakeFiles/CMakeTmp

Run Build Command:/usr/bin/make "cmTryCompileExec2300550536/fast"
/usr/bin/make -f CMakeFiles/cmTryCompileExec2300550536.dir/build.make CMakeFiles/cmTryCompileExec2300550536.dir/build
make[1]: Entering directory `/home/zacky/Projects/SEPM/Einzel/task2/build/CMakeFiles/CMakeTmp'
/usr/local/bin/cmake -E cmake_progress_report /home/zacky/Projects/SEPM/Einzel/task2/build/CMakeFiles/CMakeTmp/CMakeFiles 1
Building CXX object CMakeFiles/cmTryCompileExec2300550536.dir/CheckSymbolExists.cxx.o
/usr/bin/c++    -I/usr/include/qt4    -o CMakeFiles/cmTryCompileExec2300550536.dir/CheckSymbolExists.cxx.o -c /home/zacky/Projects/SEPM/Einzel/task2/build/CMakeFiles/CMakeTmp/CheckSymbolExists.cxx
/home/zacky/Projects/SEPM/Einzel/task2/build/CMakeFiles/CMakeTmp/CheckSymbolExists.cxx: In function ‘int main(int, char**)’:
/home/zacky/Projects/SEPM/Einzel/task2/build/CMakeFiles/CMakeTmp/CheckSymbolExists.cxx:8:19: error: ‘Q_WS_MAC’ was not declared in this scope
make[1]: *** [CMakeFiles/cmTryCompileExec2300550536.dir/CheckSymbolExists.cxx.o] Error 1
make[1]: Leaving directory `/home/zacky/Projects/SEPM/Einzel/task2/build/CMakeFiles/CMakeTmp'
make: *** [cmTryCompileExec2300550536/fast] Error 2

File /home/zacky/Projects/SEPM/Einzel/task2/build/CMakeFiles/CMakeTmp/CheckSymbolExists.cxx:
/* */
#include <QtCore/qglobal.h>

int main(int argc, char** argv)
{
  (void)argv;
#ifndef Q_WS_MAC
  return ((int*)(&Q_WS_MAC))[argc];
#else
  (void)argc;
  return 0;
#endif
}

